<?xml version="1.0" encoding="UTF-8"?>
<!-- Generated by org.testng.reporters.JUnitReportReporter -->
<testsuite hostname="QT-INBG-LT0822" failures="0" tests="3" name="mobileworld.signup" time="18.210" errors="0" timestamp="2022-09-20T11:55:40 IST" skipped="0">
  <testcase classname="mobileworld.signup" name="setup" time="6.891"/>
  <system-out/>
  <testcase classname="mobileworld.signup" name="setup" time="5.847"/>
  <system-out/>
  <testcase classname="mobileworld.signup" name="setup" time="5.472"/>
  <system-out/>
</testsuite> <!-- mobileworld.signup -->
