<?xml version="1.0" encoding="UTF-8"?>
<!-- Generated by org.testng.reporters.JUnitReportReporter -->
<testsuite hostname="QT-INBG-LT0822" failures="0" tests="3" name="mobileworld.mobile" time="18.342" errors="0" timestamp="2022-09-20T11:42:37 IST" skipped="0">
  <testcase classname="mobileworld.mobile" name="setup" time="7.132"/>
  <system-out/>
  <testcase classname="mobileworld.mobile" name="setup" time="5.846"/>
  <system-out/>
  <testcase classname="mobileworld.mobile" name="setup" time="5.364"/>
  <system-out/>
</testsuite> <!-- mobileworld.mobile -->
