<?xml version="1.0" encoding="UTF-8"?>
<!-- Generated by org.testng.reporters.JUnitReportReporter -->
<testsuite hostname="QT-INBG-LT0822" failures="0" tests="1" name="mobileworld.Signtest" time="3.626" errors="0" timestamp="2022-09-20T11:55:40 IST" skipped="0">
  <testcase classname="mobileworld.Signtest" name="signin" time="3.626"/>
  <system-out/>
</testsuite> <!-- mobileworld.Signtest -->
